\BOOKMARK [1][-]{section.1}{Analisi\040dei\040requisiti}{}% 1
\BOOKMARK [2][-]{subsection.1.1}{Introduzione}{section.1}% 2
\BOOKMARK [3][-]{subsubsection.1.1.1}{Scopo}{subsection.1.1}% 3
\BOOKMARK [3][-]{subsubsection.1.1.2}{Ambito\040del\040prodotto}{subsection.1.1}% 4
\BOOKMARK [3][-]{subsubsection.1.1.3}{Definizioni,\040acronimi\040e\040abbreviazioni}{subsection.1.1}% 5
\BOOKMARK [3][-]{subsubsection.1.1.4}{Riferimenti}{subsection.1.1}% 6
\BOOKMARK [2][-]{subsection.1.2}{Panoramica\040del\040documento}{section.1}% 7
\BOOKMARK [2][-]{subsection.1.3}{Glossario}{section.1}% 8
\BOOKMARK [3][-]{subsubsection.1.3.1}{Termini\040del\040dominio}{subsection.1.3}% 9
\BOOKMARK [3][-]{subsubsection.1.3.2}{Acronimi\040e\040abbreviazioni}{subsection.1.3}% 10
\BOOKMARK [2][-]{subsection.1.4}{Casi\040d'Uso}{section.1}% 11
\BOOKMARK [3][-]{subsubsection.1.4.1}{Diagramma\040dei\040casi\040d'uso}{subsection.1.4}% 12
\BOOKMARK [3][-]{subsubsection.1.4.2}{Lista\040dei\040casi\040d'uso}{subsection.1.4}% 13
\BOOKMARK [2][-]{subsection.1.5}{Individuazione\040e\040caratterizzazione\040degli\040utenti\040del\040sistema}{section.1}% 14
\BOOKMARK [3][-]{subsubsection.1.5.1}{Utente}{subsection.1.5}% 15
\BOOKMARK [3][-]{subsubsection.1.5.2}{Utente_Autenticato}{subsection.1.5}% 16
\BOOKMARK [2][-]{subsection.1.6}{Amministratore}{section.1}% 17
\BOOKMARK [3][-]{subsubsection.1.6.1}{Descrizione}{subsection.1.6}% 18
\BOOKMARK [3][-]{subsubsection.1.6.2}{Obiettivi}{subsection.1.6}% 19
\BOOKMARK [3][-]{subsubsection.1.6.3}{Responsabilit\340\040e\040permessi}{subsection.1.6}% 20
\BOOKMARK [2][-]{subsection.1.7}{Riepilogo\040Permessi\040per\040Profilo}{section.1}% 21
\BOOKMARK [2][-]{subsection.1.8}{Requisiti\040Specifici}{section.1}% 22
\BOOKMARK [3][-]{subsubsection.1.8.1}{Requisiti\040di\040Sistema}{subsection.1.8}% 23
\BOOKMARK [3][-]{subsubsection.1.8.2}{Requisiti\040Funzionali}{subsection.1.8}% 24
\BOOKMARK [3][-]{subsubsection.1.8.3}{Requisiti\040Non\040Funzionali}{subsection.1.8}% 25
\BOOKMARK [3][-]{subsubsection.1.8.4}{Riepilogo}{subsection.1.8}% 26
\BOOKMARK [2][-]{subsection.1.9}{Descrizione\040Dettagliata\040Casi\040d'Uso\040\(Template\040Cockburn\)}{section.1}% 27
\BOOKMARK [3][-]{subsubsection.1.9.1}{Caso\040d'Uso\040#5:\040Segnalazione\040Issue}{subsection.1.9}% 28
\BOOKMARK [2][-]{subsection.1.10}{Mockup\040delle\040Interfacce\040Utente}{section.1}% 29
\BOOKMARK [3][-]{subsubsection.1.10.1}{Mockup\040Creazione\040Issue}{subsection.1.10}% 30
\BOOKMARK [3][-]{subsubsection.1.10.2}{Descrizione\040Schermate}{subsection.1.10}% 31
\BOOKMARK [3][-]{subsubsection.1.10.3}{M3,\040M4,\040M5\040-\040Messaggi\040Errore}{subsection.1.10}% 32
\BOOKMARK [3][-]{subsubsection.1.10.4}{M6\040-\040Board\040Kanban}{subsection.1.10}% 33
\BOOKMARK [3][-]{subsubsection.1.10.5}{Principi\040di\040Design}{subsection.1.10}% 34
\BOOKMARK [1][-]{section.2}{Design\040del\040sistema}{}% 35
\BOOKMARK [2][-]{subsection.2.1}{System\040Design}{section.2}% 36
\BOOKMARK [3][-]{subsubsection.2.1.1}{Criteri\040di\040progettazione}{subsection.2.1}% 37
\BOOKMARK [3][-]{subsubsection.2.1.2}{Motivazioni\040architetturali}{subsection.2.1}% 38
